\BOOKMARK [1][-]{section.1}{\376\377\000I\000n\000t\000r\000o\000d\000u\000k\000s\000j\000o\000n\000\040\000-\000\040\000P\000r\000a\000k\000t\000i\000s\000k\000\040\000r\000u\000n\000d\000t\000\040\000f\000i\000l\000e\000n\000e}{}% 1
\BOOKMARK [1][-]{section.2}{\376\377\000I\000n\000t\000r\000o\000d\000u\000k\000s\000j\000o\000n\000\040\000-\000\040\000P\000r\000a\000k\000t\000i\000s\000k\000\040\000r\000u\000n\000d\000t\000\040\000\370\000v\000i\000n\000g\000e\000n}{}% 2
\BOOKMARK [1][-]{section.3}{\376\377\000I\000n\000t\000r\000o\000d\000u\000k\000s\000j\000o\000n\000\040\000-\000\040\000L\000i\000t\000t\000\040\000o\000m\000\040\000G\000N\000U\000/\000L\000i\000n\000u\000x}{}% 3
\BOOKMARK [1][-]{section.4}{\376\377\000I\000n\000n\000f\000\370\000r\000i\000n\000g\000\040\000-\000\040\000G\000r\000u\000n\000n\000l\000e\000g\000g\000e\000n\000d\000e\000\040\000k\000o\000m\000m\000a\000n\000d\000o\000e\000r}{}% 4
\BOOKMARK [2][-]{subsection.4.1}{\376\377\000m\000a\000i\000n\000-\0001\000.\000c\000p\000t}{section.4}% 5
\BOOKMARK [2][-]{subsection.4.2}{\376\377\000m\000a\000i\000n\000-\0002\000.\000c\000p\000t}{section.4}% 6
\BOOKMARK [2][-]{subsection.4.3}{\376\377\000m\000a\000i\000n\000-\0003\000.\000c\000p\000t}{section.4}% 7
\BOOKMARK [2][-]{subsection.4.4}{\376\377\000m\000a\000i\000n\000-\0004\000.\000c\000p\000t}{section.4}% 8
\BOOKMARK [2][-]{subsection.4.5}{\376\377\000m\000a\000i\000n\000-\0005\000.\000c\000p\000t}{section.4}% 9
\BOOKMARK [2][-]{subsection.4.6}{\376\377\000m\000a\000i\000n\000-\0006\000.\000c\000p\000t}{section.4}% 10
\BOOKMARK [2][-]{subsection.4.7}{\376\377\000m\000a\000i\000n\000-\0007\000.\000c\000p\000t}{section.4}% 11
\BOOKMARK [2][-]{subsection.4.8}{\376\377\000m\000a\000i\000n\000-\0008\000.\000c\000p\000t}{section.4}% 12
\BOOKMARK [2][-]{subsection.4.9}{\376\377\000m\000a\000i\000n\000-\0009\000.\000c\000p\000t}{section.4}% 13
\BOOKMARK [2][-]{subsection.4.10}{\376\377\000m\000a\000i\000n\000-\0001\0000\000.\000c\000p\000t}{section.4}% 14
\BOOKMARK [2][-]{subsection.4.11}{\376\377\000m\000a\000i\000n\000-\0001\0001\000.\000c\000p\000t}{section.4}% 15
\BOOKMARK [2][-]{subsection.4.12}{\376\377\000m\000a\000i\000n\000-\0001\0002\000.\000c\000p\000t}{section.4}% 16
\BOOKMARK [1][-]{section.5}{\376\377\000O\000p\000p\000g\000a\000v\000e\000r\000\040\000\050\0001\0000\0000\000\040\000\045\000\051\000\040\000-\000\040\000G\000r\000u\000n\000n\000l\000e\000g\000g\000e\000n\000d\000e\000\040\000L\000i\000n\000u\000x}{}% 17
\BOOKMARK [1][-]{appendix.A}{\376\377\000A\000p\000p\000e\000n\000d\000i\000k\000s\000\040\000-\000\040\000I\000n\000s\000t\000a\000l\000l\000a\000s\000j\000o\000n\000\040\000a\000v\000\040\000L\000i\000n\000u\000x}{}% 18
\BOOKMARK [2][-]{subsection.A.1}{\376\377\000L\000a\000s\000t\000\040\000n\000e\000d\000\040\000o\000p\000e\000r\000a\000t\000i\000v\000s\000y\000s\000t\000e\000m\000e\000t}{appendix.A}% 19
\BOOKMARK [2][-]{subsection.A.2}{\376\377\000K\000o\000p\000i\000e\000r\000\040\000i\000s\000o\000-\000f\000i\000l\000e\000n\000\040\000t\000i\000l\000\040\000e\000t\000\040\000o\000p\000p\000s\000t\000a\000r\000t\000s\000m\000e\000d\000i\000u\000m}{appendix.A}% 20
\BOOKMARK [2][-]{subsection.A.3}{\376\377\000S\000t\000a\000r\000t\000\040\000f\000r\000a\000\040\000o\000p\000p\000s\000t\000a\000r\000t\000s\000m\000e\000d\000i\000e\000t}{appendix.A}% 21
\BOOKMARK [2][-]{subsection.A.4}{\376\377\000I\000n\000s\000t\000a\000l\000l\000a\000s\000j\000o\000n\000\040\000a\000v\000\040\000U\000b\000u\000n\000t\000u\000\040\000m\000e\000d\000\040\000d\000u\000a\000l\000\040\000b\000o\000o\000t\000i\000n\000g}{appendix.A}% 22
\BOOKMARK [1][-]{appendix.B}{\376\377\000A\000p\000p\000e\000n\000d\000i\000k\000s\000\040\000-\000\040\000C\000y\000g\000w\000i\000n}{}% 23
\BOOKMARK [2][-]{subsection.B.1}{\376\377\000L\000a\000s\000t\000\040\000n\000e\000d\000\040\000C\000y\000g\000w\000i\000n}{appendix.B}% 24
\BOOKMARK [2][-]{subsection.B.2}{\376\377\000I\000n\000s\000t\000a\000l\000l\000a\000s\000j\000o\000n\000\040\000a\000v\000\040\000C\000y\000g\000w\000i\000n}{appendix.B}% 25
\BOOKMARK [2][-]{subsection.B.3}{\376\377\000O\000p\000p\000d\000a\000t\000e\000r\000i\000n\000g\000\040\000a\000v\000\040\000p\000a\000k\000k\000e\000r\000\040\000e\000t\000t\000e\000r\000\040\000i\000n\000s\000t\000a\000l\000l\000a\000s\000j\000o\000n}{appendix.B}% 26
